==================================================
Paper Retrieval Log
==================================================
DOI: 10.1007/s11390-020-9822-9
Title: N/A
Started: 2026-01-01 15:07:13


[UNPAYWALL] Starting...
  Checking OA status for 10.1007/s11390-020-9822-9
  Result: not found - no OA version found

[ARXIV] Starting...
  Searching arXiv by title: ExaHDF5: Delivering Efficient Parallel I/O on Exas...
  Result: not found - not found on arXiv

[PMC] Starting...
  Looking up PMC ID for 10.1007/s11390-020-9822-9
  Result: not found - no PMC ID for this DOI

[BIORXIV] Starting...
  Result: not found - not a bioRxiv DOI

[SEMANTIC_SCHOLAR] Starting...
  Looking up paper by DOI: 10.1007/s11390-020-9822-9
  PDF URL: https://escholarship.org/content/qt9x80d9n2/qt9x80d9n2.pdf?t=qhkobb
  Result: SUCCESS - downloaded

==================================================
Completed: SUCCESS via semantic_scholar
File: ../pipeline_output/phase2_parser/step4_acquisition/papers/Byna_2020_ExaHDF5_Delivering_Efficient_Parallel_IO_on_Exasca.pdf