Crawling: [4;94mhttps://support.hdfgroup.org/documentation/[0m
Strategy: bfs, Max depth: [1;36m2[0m
[FETCH]... ↓ https://support.hdfgroup.org/documentation/                                                         
| ✓ | ⏱: 1.33s 
[SCRAPE].. ◆ https://support.hdfgroup.org/documentation/                                                         
| ✓ | ⏱: 0.01s 
[COMPLETE] ● https://support.hdfgroup.org/documentation/                                                         
| ✓ | ⏱: 1.34s 
[FETCH]... ↓ https://myhdf5.hdfgroup.org                                                                         
| ✓ | ⏱: 2.46s 
[SCRAPE].. ◆ https://myhdf5.hdfgroup.org                                                                         
| ✓ | ⏱: 0.00s 
[COMPLETE] ● https://myhdf5.hdfgroup.org                                                                         
| ✓ | ⏱: 2.46s 
[FETCH]... ↓ https://support.hdfgroup.org/documentation/index.html                                               
| ✓ | ⏱: 0.89s 
[SCRAPE].. ◆ https://support.hdfgroup.org/documentation/index.html                                               
| ✓ | ⏱: 0.00s 
[COMPLETE] ● https://support.hdfgroup.org/documentation/index.html                                               
| ✓ | ⏱: 0.90s 
[FETCH]... ↓ https://support.hdfgroup.org/documentation/hdf5-docs/registered_vol_connectors.html                 
| ✓ | ⏱: 0.89s 
[SCRAPE].. ◆ https://support.hdfgroup.org/documentation/hdf5-docs/registered_vol_connectors.html                 
| ✓ | ⏱: 0.00s 
[COMPLETE] ● https://support.hdfgroup.org/documentation/hdf5-docs/registered_vol_connectors.html                 
| ✓ | ⏱: 0.90s 
[FETCH]... ↓ https://support.hdfgroup.org/downloads/index.html                                                   
| ✓ | ⏱: 0.91s 
[SCRAPE].. ◆ https://support.hdfgroup.org/downloads/index.html                                                   
| ✓ | ⏱: 0.00s 
[COMPLETE] ● https://support.hdfgroup.org/downloads/index.html                                                   
| ✓ | ⏱: 0.92s 
[FETCH]... ↓ https://support.hdfgroup.org/documentation/hdf5-docs/registered_virtual_file_drivers_vfds.html      
| ✓ | ⏱: 0.93s 
[SCRAPE].. ◆ https://support.hdfgroup.org/documentation/hdf5-docs/registered_virtual_file_drivers_vfds.html      
| ✓ | ⏱: 0.00s 
[COMPLETE] ● https://support.hdfgroup.org/documentation/hdf5-docs/registered_virtual_file_drivers_vfds.html      
| ✓ | ⏱: 0.94s 
[FETCH]... ↓ https://support.hdfgroup.org/documentation/hdf5-docs/hdf5_topics_list.html                          
| ✓ | ⏱: 0.94s 
[SCRAPE].. ◆ https://support.hdfgroup.org/documentation/hdf5-docs/hdf5_topics_list.html                          
| ✓ | ⏱: 0.00s 
[COMPLETE] ● https://support.hdfgroup.org/documentation/hdf5-docs/hdf5_topics_list.html                          
| ✓ | ⏱: 0.94s 
[FETCH]... ↓ https://support.hdfgroup.org/archive/support/index.html                                             
| ✓ | ⏱: 2.90s 
[SCRAPE].. ◆ https://support.hdfgroup.org/archive/support/index.html                                             
| ✓ | ⏱: 0.01s 
[COMPLETE] ● https://support.hdfgroup.org/archive/support/index.html                                             
| ✓ | ⏱: 2.91s 
[FETCH]... ↓ https://support.hdfgroup.org/documentation/hdfview/latest                                           
| ✓ | ⏱: 1.35s 
[SCRAPE].. ◆ https://support.hdfgroup.org/documentation/hdfview/latest                                           
| ✓ | ⏱: 0.01s 
[COMPLETE] ● https://support.hdfgroup.org/documentation/hdfview/latest                                           
| ✓ | ⏱: 1.36s 
[FETCH]... ↓ https://support.hdfgroup.org/documentation/hdf5/latest                                              
| ✓ | ⏱: 1.38s 
[SCRAPE].. ◆ https://support.hdfgroup.org/documentation/hdf5/latest                                              
| ✓ | ⏱: 0.00s 
[COMPLETE] ● https://support.hdfgroup.org/documentation/hdf5/latest                                              
| ✓ | ⏱: 1.38s 
[FETCH]... ↓ https://www.hdfgroup.org/solutions/consulting                                                       
| ✓ | ⏱: 1.90s 
[SCRAPE].. ◆ https://www.hdfgroup.org/solutions/consulting                                                       
| ✓ | ⏱: 0.02s 
[COMPLETE] ● https://www.hdfgroup.org/solutions/consulting                                                       
| ✓ | ⏱: 1.92s 
[FETCH]... ↓ https://support.hdfgroup.org/documentation/hdf5/latest/release_specific_info.html                   
| ✓ | ⏱: 1.52s 
[SCRAPE].. ◆ https://support.hdfgroup.org/documentation/hdf5/latest/release_specific_info.html                   
| ✓ | ⏱: 0.01s 
[COMPLETE] ● https://support.hdfgroup.org/documentation/hdf5/latest/release_specific_info.html                   
| ✓ | ⏱: 1.53s 
[FETCH]... ↓ https://www.hdfgroup.org/solutions/priority-support                                                 
| ✓ | ⏱: 1.93s 
[SCRAPE].. ◆ https://www.hdfgroup.org/solutions/priority-support                                                 
| ✓ | ⏱: 0.01s 
[COMPLETE] ● https://www.hdfgroup.org/solutions/priority-support                                                 
| ✓ | ⏱: 1.95s 
[FETCH]... ↓ https://support.hdfgroup.org/documentation/hdf5-json/latest                                         
| ✓ | ⏱: 1.58s 
[SCRAPE].. ◆ https://support.hdfgroup.org/documentation/hdf5-json/latest                                         
| ✓ | ⏱: 0.01s 
[COMPLETE] ● https://support.hdfgroup.org/documentation/hdf5-json/latest                                         
| ✓ | ⏱: 1.59s 
[FETCH]... ↓ https://www.hdfgroup.org/solutions/highly-scalable-data-service-hsds                                
| ✓ | ⏱: 2.11s 
[SCRAPE].. ◆ https://www.hdfgroup.org/solutions/highly-scalable-data-service-hsds                                
| ✓ | ⏱: 0.02s 
[COMPLETE] ● https://www.hdfgroup.org/solutions/highly-scalable-data-service-hsds                                
| ✓ | ⏱: 2.13s 
[FETCH]... ↓ https://support.hdfgroup.org/search.html                                                            
| ✓ | ⏱: 1.76s 
[SCRAPE].. ◆ https://support.hdfgroup.org/search.html                                                            
| ✓ | ⏱: 0.01s 
[COMPLETE] ● https://support.hdfgroup.org/search.html                                                            
| ✓ | ⏱: 1.77s 
[FETCH]... ↓ https://www.hdfgroup.org/licenses                                                                   
| ✓ | ⏱: 2.30s 
[SCRAPE].. ◆ https://www.hdfgroup.org/licenses                                                                   
| ✓ | ⏱: 0.01s 
[COMPLETE] ● https://www.hdfgroup.org/licenses                                                                   
| ✓ | ⏱: 2.32s 
[FETCH]... ↓ https://help.hdfgroup.org                                                                           
| ✓ | ⏱: 9.87s 
[SCRAPE].. ◆ https://help.hdfgroup.org                                                                           
| ✓ | ⏱: 0.01s 
[COMPLETE] ● https://help.hdfgroup.org                                                                           
| ✓ | ⏱: 9.88s 
[ERROR]... × https://forum.hdfgroup.org                         | Error: Unexpected error in _crawl_web at line 
696 in _crawl_web (.venv/lib/python3.13/site-packages/crawl4ai/async_crawler_strategy.py):
Error: Failed on navigating ACS-GOTO:
Page.goto: Timeout 60000ms exceeded.
Call log:
  - navigating to "https://forum.hdfgroup.org/", waiting until "networkidle"


Code context:
 691                               tag="GOTO",
 692                               params={"url": url},
 693                           )
 694                           response = None
 695                       else:
 696 →                         raise RuntimeError(f"Failed on navigating ACS-GOTO:\n{str(e)}")
 697   
 698                   await self.execute_hook(
 699                       "after_goto", page, context=context, url=url, response=response, config=config
 700                   )
 701    
[ERROR]... × https://www.hdfgroup.org                           | Error: Unexpected error in _crawl_web at line 
696 in _crawl_web (.venv/lib/python3.13/site-packages/crawl4ai/async_crawler_strategy.py):
Error: Failed on navigating ACS-GOTO:
Page.goto: Timeout 60000ms exceeded.
Call log:
  - navigating to "https://www.hdfgroup.org/", waiting until "networkidle"


Code context:
 691                               tag="GOTO",
 692                               params={"url": url},
 693                           )
 694                           response = None
 695                       else:
 696 →                         raise RuntimeError(f"Failed on navigating ACS-GOTO:\n{str(e)}")
 697   
 698                   await self.execute_hook(
 699                       "after_goto", page, context=context, url=url, response=response, config=config
 700                   )
 701    
[FETCH]... ↓ https://myhdf5.hdfgroup.org/help                                                                    
| ✓ | ⏱: 1.05s 
[SCRAPE].. ◆ https://myhdf5.hdfgroup.org/help                                                                    
| ✓ | ⏱: 0.01s 
[COMPLETE] ● https://myhdf5.hdfgroup.org/help                                                                    
| ✓ | ⏱: 1.06s 
[FETCH]... ↓ https://support.hdfgroup.org/archive/support/products/index.html                                    
| ✓ | ⏱: 1.89s 
[SCRAPE].. ◆ https://support.hdfgroup.org/archive/support/products/index.html                                    
| ✓ | ⏱: 0.01s 
[COMPLETE] ● https://support.hdfgroup.org/archive/support/products/index.html                                    
| ✓ | ⏱: 1.90s 
[FETCH]... ↓ https://support.hdfgroup.org/documentation/hdf5-json/latest/specs.html                              
| ✓ | ⏱: 0.98s 
[SCRAPE].. ◆ https://support.hdfgroup.org/documentation/hdf5-json/latest/specs.html                              
| ✓ | ⏱: 0.01s 
[COMPLETE] ● https://support.hdfgroup.org/documentation/hdf5-json/latest/specs.html                              
| ✓ | ⏱: 0.99s 
[FETCH]... ↓ https://support.hdfgroup.org/downloads/hdfview/hdfview3_3_2.html                                    
| ✓ | ⏱: 1.00s 
[SCRAPE].. ◆ https://support.hdfgroup.org/downloads/hdfview/hdfview3_3_2.html                                    
| ✓ | ⏱: 0.00s 
[COMPLETE] ● https://support.hdfgroup.org/downloads/hdfview/hdfview3_3_2.html                                    
| ✓ | ⏱: 1.00s 
[FETCH]... ↓ https://support.hdfgroup.org/documentation/hdfview/latest/index.html                                
| ✓ | ⏱: 1.01s 
[SCRAPE].. ◆ https://support.hdfgroup.org/documentation/hdfview/latest/index.html                                
| ✓ | ⏱: 0.01s 
[COMPLETE] ● https://support.hdfgroup.org/documentation/hdfview/latest/index.html                                
| ✓ | ⏱: 1.02s 
[FETCH]... ↓ https://www.hdfgroup.org/wp-content/uploads/2022/01/HDF-Group-Priority-Support-Overview.pdf         
| ✓ | ⏱: 0.88s 
[SCRAPE].. ◆ https://www.hdfgroup.org/wp-content/uploads/2022/01/HDF-Group-Priority-Support-Overview.pdf         
| ✓ | ⏱: 0.00s 
[COMPLETE] ● https://www.hdfgroup.org/wp-content/uploads/2022/01/HDF-Group-Priority-Support-Overview.pdf         
| ✓ | ⏱: 0.88s 
[FETCH]... ↓ https://support.hdfgroup.org/documentation/hdfview/latest/ug01introduction.html                     
| ✓ | ⏱: 1.03s 
[SCRAPE].. ◆ https://support.hdfgroup.org/documentation/hdfview/latest/ug01introduction.html                     
| ✓ | ⏱: 0.00s 
[COMPLETE] ● https://support.hdfgroup.org/documentation/hdfview/latest/ug01introduction.html                     
| ✓ | ⏱: 1.03s 
[FETCH]... ↓ https://support.hdfgroup.org/documentation/hdf5-json/latest/schema/index.html                       
| ✓ | ⏱: 1.12s 
[SCRAPE].. ◆ https://support.hdfgroup.org/documentation/hdf5-json/latest/schema/index.html                       
| ✓ | ⏱: 0.01s 
[COMPLETE] ● https://support.hdfgroup.org/documentation/hdf5-json/latest/schema/index.html                       
| ✓ | ⏱: 1.12s 
[FETCH]... ↓ https://support.hdfgroup.org/documentation/hdf5/latest/rel_spec_114.html                            
| ✓ | ⏱: 1.21s 
[SCRAPE].. ◆ https://support.hdfgroup.org/documentation/hdf5/latest/rel_spec_114.html                            
| ✓ | ⏱: 0.01s 
[COMPLETE] ● https://support.hdfgroup.org/documentation/hdf5/latest/rel_spec_114.html                            
| ✓ | ⏱: 1.22s 
[FETCH]... ↓ https://support.hdfgroup.org/documentation/hdf5/latest/index.html                                   
| ✓ | ⏱: 1.22s 
[SCRAPE].. ◆ https://support.hdfgroup.org/documentation/hdf5/latest/index.html                                   
| ✓ | ⏱: 0.00s 
[COMPLETE] ● https://support.hdfgroup.org/documentation/hdf5/latest/index.html                                   
| ✓ | ⏱: 1.23s 
[FETCH]... ↓ https://support.hdfgroup.org/documentation/hdf5/latest/rel_spec_20_change.html                      
| ✓ | ⏱: 1.23s 
[SCRAPE].. ◆ https://support.hdfgroup.org/documentation/hdf5/latest/rel_spec_20_change.html                      
| ✓ | ⏱: 0.01s 
[COMPLETE] ● https://support.hdfgroup.org/documentation/hdf5/latest/rel_spec_20_change.html                      
| ✓ | ⏱: 1.25s 
[FETCH]... ↓ https://support.hdfgroup.org/documentation/hdf5_topics/EnvVarsUsedByHDF5.html                       
| ✓ | ⏱: 1.32s 
[SCRAPE].. ◆ https://support.hdfgroup.org/documentation/hdf5_topics/EnvVarsUsedByHDF5.html                       
| ✓ | ⏱: 0.00s 
[COMPLETE] ● https://support.hdfgroup.org/documentation/hdf5_topics/EnvVarsUsedByHDF5.html                       
| ✓ | ⏱: 1.32s 
[FETCH]... ↓ https://support.hdfgroup.org/documentation/hdf5/latest/rel_spec_20.html                             
| ✓ | ⏱: 1.32s 
[SCRAPE].. ◆ https://support.hdfgroup.org/documentation/hdf5/latest/rel_spec_20.html                             
| ✓ | ⏱: 0.01s 
[COMPLETE] ● https://support.hdfgroup.org/documentation/hdf5/latest/rel_spec_20.html                             
| ✓ | ⏱: 1.33s 
[FETCH]... ↓ https://support.hdfgroup.org/documentation/hdf5_topics/UsingCompressionInHDF5.html                  
| ✓ | ⏱: 1.36s 
[SCRAPE].. ◆ https://support.hdfgroup.org/documentation/hdf5_topics/UsingCompressionInHDF5.html                  
| ✓ | ⏱: 0.00s 
[COMPLETE] ● https://support.hdfgroup.org/documentation/hdf5_topics/UsingCompressionInHDF5.html                  
| ✓ | ⏱: 1.37s 
[FETCH]... ↓ https://www.hdfgroup.org/about-us                                                                   
| ✓ | ⏱: 2.99s 
[SCRAPE].. ◆ https://www.hdfgroup.org/about-us                                                                   
| ✓ | ⏱: 0.01s 
[COMPLETE] ● https://www.hdfgroup.org/about-us                                                                   
| ✓ | ⏱: 3.00s 
[FETCH]... ↓ https://hdfgroup.atlassian.net/servicedesk/customer/user/login?destination=portals                  
| ✓ | ⏱: 3.11s 
[SCRAPE].. ◆ https://hdfgroup.atlassian.net/servicedesk/customer/user/login?destination=portals                  
| ✓ | ⏱: 0.01s 
[COMPLETE] ● https://hdfgroup.atlassian.net/servicedesk/customer/user/login?destination=portals                  
| ✓ | ⏱: 3.12s 
[FETCH]... ↓ https://www.hdfgroup.org/highly-scalable-data-service-hsds                                          
| ✓ | ⏱: 1.61s 
[SCRAPE].. ◆ https://www.hdfgroup.org/highly-scalable-data-service-hsds                                          
| ✓ | ⏱: 0.01s 
[COMPLETE] ● https://www.hdfgroup.org/highly-scalable-data-service-hsds                                          
| ✓ | ⏱: 1.63s 
[FETCH]... ↓ https://support.hdfgroup.org/archive/support/services/index.html                                    
| ✓ | ⏱: 1.84s 
[SCRAPE].. ◆ https://support.hdfgroup.org/archive/support/services/index.html                                    
| ✓ | ⏱: 0.00s 
[COMPLETE] ● https://support.hdfgroup.org/archive/support/services/index.html                                    
| ✓ | ⏱: 1.85s 
[FETCH]... ↓ https://www.hdfgroup.org/wp-login.php?redirect_to=https://www.hdfgroup.org/licenses/                
| ✓ | ⏱: 2.38s 
[SCRAPE].. ◆ https://www.hdfgroup.org/wp-login.php?redirect_to=https://www.hdfgroup.org/licenses/                
| ✓ | ⏱: 0.00s 
[COMPLETE] ● https://www.hdfgroup.org/wp-login.php?redirect_to=https://www.hdfgroup.org/licenses/                
| ✓ | ⏱: 2.39s 
[FETCH]... ↓ https://www.hdfgroup.org/wp-login.php?redirect_t...org/solutions/highly-scalable-data-service-hsds/ 
| ✓ | ⏱: 2.52s 
[SCRAPE].. ◆ https://www.hdfgroup.org/wp-login.php?redirect_t...org/solutions/highly-scalable-data-service-hsds/ 
| ✓ | ⏱: 0.00s 
[COMPLETE] ● https://www.hdfgroup.org/wp-login.php?redirect_t...org/solutions/highly-scalable-data-service-hsds/ 
| ✓ | ⏱: 2.53s 
[FETCH]... ↓ https://www.hdfgroup.org/wp-login.php?redirect_t...s://www.hdfgroup.org/solutions/priority-support/ 
| ✓ | ⏱: 2.70s 
[SCRAPE].. ◆ https://www.hdfgroup.org/wp-login.php?redirect_t...s://www.hdfgroup.org/solutions/priority-support/ 
| ✓ | ⏱: 0.00s 
[COMPLETE] ● https://www.hdfgroup.org/wp-login.php?redirect_t...s://www.hdfgroup.org/solutions/priority-support/ 
| ✓ | ⏱: 2.71s 
[FETCH]... ↓ https://www.hdfgroup.org/about-us/the-hdf-group-staff                                               
| ✓ | ⏱: 4.68s 
[SCRAPE].. ◆ https://www.hdfgroup.org/about-us/the-hdf-group-staff                                               
| ✓ | ⏱: 0.03s 
[COMPLETE] ● https://www.hdfgroup.org/about-us/the-hdf-group-staff                                               
| ✓ | ⏱: 4.70s 
[ERROR]... × https://www.hdfgroup.org/website-survey            | Error: Unexpected error in _crawl_web at line 
696 in _crawl_web (.venv/lib/python3.13/site-packages/crawl4ai/async_crawler_strategy.py):
Error: Failed on navigating ACS-GOTO:
Page.goto: Timeout 60000ms exceeded.
Call log:
  - navigating to "https://www.hdfgroup.org/website-survey", waiting until "networkidle"


Code context:
 691                               tag="GOTO",
 692                               params={"url": url},
 693                           )
 694                           response = None
 695                       else:
 696 →                         raise RuntimeError(f"Failed on navigating ACS-GOTO:\n{str(e)}")
 697   
 698                   await self.execute_hook(
 699                       "after_goto", page, context=context, url=url, response=response, config=config
 700                   )
 701    
  [32mOK[0m  [4;94mhttps://support.hdfgroup.org/documentation/[0m
  [32mOK[0m  [4;94mhttps://myhdf5.hdfgroup.org[0m
  [32mOK[0m  [4;94mhttps://support.hdfgroup.org/documentation/index.html[0m
  [32mOK[0m  [4;94mhttps://support.hdfgroup.org/documentation/hdf5-docs/registered_vol_connectors.html[0m
  [32mOK[0m  [4;94mhttps://support.hdfgroup.org/downloads/index.html[0m
  [32mOK[0m  [4;94mhttps://support.hdfgroup.org/documentation/hdf5-docs/registered_virtual_file_drivers_vfds.html[0m
  [32mOK[0m  [4;94mhttps://support.hdfgroup.org/documentation/hdf5-docs/hdf5_topics_list.html[0m
  [32mOK[0m  [4;94mhttps://support.hdfgroup.org/archive/support/index.html[0m
  [32mOK[0m  [4;94mhttps://support.hdfgroup.org/documentation/hdfview/latest[0m
  [32mOK[0m  [4;94mhttps://support.hdfgroup.org/documentation/hdf5/latest[0m
  [32mOK[0m  [4;94mhttps://www.hdfgroup.org/solutions/consulting[0m
  [32mOK[0m  [4;94mhttps://support.hdfgroup.org/documentation/hdf5/latest/release_specific_info.html[0m
  [32mOK[0m  [4;94mhttps://www.hdfgroup.org/solutions/priority-support[0m
  [32mOK[0m  [4;94mhttps://support.hdfgroup.org/documentation/hdf5-json/latest[0m
  [32mOK[0m  [4;94mhttps://www.hdfgroup.org/solutions/highly-scalable-data-service-hsds[0m
  [32mOK[0m  [4;94mhttps://support.hdfgroup.org/search.html[0m
  [32mOK[0m  [4;94mhttps://www.hdfgroup.org/licenses[0m
  [32mOK[0m  [4;94mhttps://help.hdfgroup.org[0m
  [32mOK[0m  [4;94mhttps://myhdf5.hdfgroup.org/help[0m
  [32mOK[0m  [4;94mhttps://support.hdfgroup.org/archive/support/products/index.html[0m
  [32mOK[0m  [4;94mhttps://support.hdfgroup.org/documentation/hdf5-json/latest/specs.html[0m
  [32mOK[0m  [4;94mhttps://support.hdfgroup.org/downloads/hdfview/hdfview3_3_2.html[0m
  [32mOK[0m  [4;94mhttps://support.hdfgroup.org/documentation/hdfview/latest/index.html[0m
  [32mOK[0m  [4;94mhttps://www.hdfgroup.org/wp-content/uploads/2022/01/HDF-Group-Priority-Support-Overview.pdf[0m
  [32mOK[0m  [4;94mhttps://support.hdfgroup.org/documentation/hdfview/latest/ug01introduction.html[0m
  [32mOK[0m  [4;94mhttps://support.hdfgroup.org/documentation/hdf5-json/latest/schema/index.html[0m
  [32mOK[0m  [4;94mhttps://support.hdfgroup.org/documentation/hdf5/latest/rel_spec_114.html[0m
  [32mOK[0m  [4;94mhttps://support.hdfgroup.org/documentation/hdf5/latest/index.html[0m
  [32mOK[0m  [4;94mhttps://support.hdfgroup.org/documentation/hdf5/latest/rel_spec_20_change.html[0m
  [32mOK[0m  [4;94mhttps://support.hdfgroup.org/documentation/hdf5_topics/EnvVarsUsedByHDF5.html[0m
  [32mOK[0m  [4;94mhttps://support.hdfgroup.org/documentation/hdf5/latest/rel_spec_20.html[0m
  [32mOK[0m  [4;94mhttps://support.hdfgroup.org/documentation/hdf5_topics/UsingCompressionInHDF5.html[0m
  [32mOK[0m  [4;94mhttps://www.hdfgroup.org/about-us[0m
  [32mOK[0m  [4;94mhttps://hdfgroup.atlassian.net/servicedesk/customer/user/login?[0m[4;94mdestination[0m[4;94m=[0m[4;94mportals[0m
  [32mOK[0m  [4;94mhttps://www.hdfgroup.org/highly-scalable-data-service-hsds[0m
  [32mOK[0m  [4;94mhttps://support.hdfgroup.org/archive/support/services/index.html[0m
  [32mOK[0m  [4;94mhttps://www.hdfgroup.org/wp-login.php?[0m[4;94mredirect_to[0m[4;94m=[0m[4;94mhttps[0m[4;94m%3A%2F%2Fwww.hdfgroup.org%2Flicenses%2F[0m
  [32mOK[0m  
[4;94mhttps://www.hdfgroup.org/wp-login.php?[0m[4;94mredirect_to[0m[4;94m=[0m[4;94mhttps[0m[4;94m%3A%2F%2Fwww.hdfgroup.org%2Fsolutions%2Fhighly-scalable-da[0m
[4;94mta-service-hsds%2F[0m
  [32mOK[0m  
[4;94mhttps://www.hdfgroup.org/wp-login.php?[0m[4;94mredirect_to[0m[4;94m=[0m[4;94mhttps[0m[4;94m%3A%2F%2Fwww.hdfgroup.org%2Fsolutions%2Fpriority-support%2[0m
[4;94mF[0m
  [32mOK[0m  [4;94mhttps://www.hdfgroup.org/about-us/the-hdf-group-staff[0m

Crawled [1;36m40[0m pages
